[debug] [2023-09-02T19:26:51.118Z] ----------------------------------------------------------------------
[debug] [2023-09-02T19:26:51.119Z] Command:       /home/george/.volta/tools/image/node/18.12.1/bin/node /home/george/.volta/tools/image/packages/firebase-tools/bin/firebase emulators:start --project=default-project
[debug] [2023-09-02T19:26:51.120Z] CLI Version:   12.5.2
[debug] [2023-09-02T19:26:51.120Z] Platform:      linux
[debug] [2023-09-02T19:26:51.120Z] Node Version:  v18.12.1
[debug] [2023-09-02T19:26:51.120Z] Time:          Sat Sep 02 2023 21:26:51 GMT+0200 (Central European Summer Time)
[debug] [2023-09-02T19:26:51.120Z] ----------------------------------------------------------------------
[debug] 
[debug] [2023-09-02T19:26:51.162Z] > command requires scopes: ["email","openid","https://www.googleapis.com/auth/cloudplatformprojects.readonly","https://www.googleapis.com/auth/firebase","https://www.googleapis.com/auth/cloud-platform"]
[debug] [2023-09-02T19:26:51.162Z] > authorizing via signed-in user (george.enciu@gmail.com)
[debug] [2023-09-02T19:26:51.193Z] openjdk version "17.0.8.1" 2023-08-24
OpenJDK Runtime Environment (build 17.0.8.1+1-Ubuntu-0ubuntu123.04)
OpenJDK 64-Bit Server VM (build 17.0.8.1+1-Ubuntu-0ubuntu123.04, mixed mode, sharing)

[debug] [2023-09-02T19:26:51.195Z] Parsed Java major version: 17
[info] i  emulators: Starting emulators: functions, firestore, pubsub {"metadata":{"emulator":{"name":"hub"},"message":"Starting emulators: functions, firestore, pubsub"}}
[debug] [2023-09-02T19:26:51.200Z] [logging] Logging Emulator only supports listening on one address (127.0.0.1). Not listening on ::1
[debug] [2023-09-02T19:26:51.200Z] [firestore] Firestore Emulator only supports listening on one address (127.0.0.1). Not listening on ::1
[debug] [2023-09-02T19:26:51.200Z] [firestore.websocket] websocket server for firestore only supports listening on one address (127.0.0.1). Not listening on ::1
[debug] [2023-09-02T19:26:51.200Z] [pubsub] Pub/Sub Emulator only supports listening on one address (127.0.0.1). Not listening on ::1
[debug] [2023-09-02T19:26:51.200Z] assigned listening specs for emulators {"user":{"hub":[{"address":"127.0.0.1","family":"IPv4","port":4400},{"address":"::1","family":"IPv6","port":4400}],"ui":[{"address":"127.0.0.1","family":"IPv4","port":4000},{"address":"::1","family":"IPv6","port":4000}],"logging":[{"address":"127.0.0.1","family":"IPv4","port":4500}],"firestore":[{"address":"127.0.0.1","family":"IPv4","port":8080}],"firestore.websocket":[{"address":"127.0.0.1","family":"IPv4","port":9150}],"pubsub":[{"address":"127.0.0.1","family":"IPv4","port":8085}]},"metadata":{"message":"assigned listening specs for emulators"}}
[debug] [2023-09-02T19:26:51.206Z] [hub] writing locator at /tmp/hub-default-project.json
[warn] ⚠  functions: The functions emulator is configured but there is no functions source directory. Have you run firebase init functions? {"metadata":{"emulator":{"name":"functions"},"message":"The functions emulator is configured but there is no functions source directory. Have you run \u001b[1mfirebase init functions\u001b[22m?"}}
[warn] ⚠  firestore: Cloud Firestore Emulator does not support multiple databases yet. {"metadata":{"emulator":{"name":"firestore"},"message":"Cloud Firestore Emulator does not support multiple databases yet."}}
[warn] ⚠  firestore: Did not find a Cloud Firestore rules file specified in a firebase.json config file. {"metadata":{"emulator":{"name":"firestore"},"message":"Did not find a Cloud Firestore rules file specified in a firebase.json config file."}}
[warn] ⚠  firestore: The emulator will default to allowing all reads and writes. Learn more about this option: https://firebase.google.com/docs/emulator-suite/install_and_configure#security_rules_configuration. {"metadata":{"emulator":{"name":"firestore"},"message":"The emulator will default to allowing all reads and writes. Learn more about this option: https://firebase.google.com/docs/emulator-suite/install_and_configure#security_rules_configuration."}}
[debug] [2023-09-02T19:26:51.209Z] Ignoring unsupported arg: auto_download {"metadata":{"emulator":{"name":"firestore"},"message":"Ignoring unsupported arg: auto_download"}}
[debug] [2023-09-02T19:26:51.209Z] Ignoring unsupported arg: single_project_mode_error {"metadata":{"emulator":{"name":"firestore"},"message":"Ignoring unsupported arg: single_project_mode_error"}}
[debug] [2023-09-02T19:26:51.209Z] Starting Firestore Emulator with command {"binary":"java","args":["-Dgoogle.cloud_firestore.debug_log_level=FINE","-Duser.language=en","-jar","/home/george/.cache/firebase/emulators/cloud-firestore-emulator-v1.18.1.jar","--host","127.0.0.1","--port",8080,"--websocket_port",9150,"--project_id","default-project","--single_project_mode",true],"optionalArgs":["port","webchannel_port","host","rules","websocket_port","functions_emulator","seed_from_export","project_id","single_project_mode"],"joinArgs":false} {"metadata":{"emulator":{"name":"firestore"},"message":"Starting Firestore Emulator with command {\"binary\":\"java\",\"args\":[\"-Dgoogle.cloud_firestore.debug_log_level=FINE\",\"-Duser.language=en\",\"-jar\",\"/home/george/.cache/firebase/emulators/cloud-firestore-emulator-v1.18.1.jar\",\"--host\",\"127.0.0.1\",\"--port\",8080,\"--websocket_port\",9150,\"--project_id\",\"default-project\",\"--single_project_mode\",true],\"optionalArgs\":[\"port\",\"webchannel_port\",\"host\",\"rules\",\"websocket_port\",\"functions_emulator\",\"seed_from_export\",\"project_id\",\"single_project_mode\"],\"joinArgs\":false}"}}
[info] i  firestore: Firestore Emulator logging to firestore-debug.log {"metadata":{"emulator":{"name":"firestore"},"message":"Firestore Emulator logging to \u001b[1mfirestore-debug.log\u001b[22m"}}
[debug] [2023-09-02T19:26:51.805Z] Sep 02, 2023 9:26:51 PM com.google.cloud.datastore.emulator.firestore.websocket.WebSocketServer start
INFO: Started WebSocket server on ws://127.0.0.1:9150
 {"metadata":{"emulator":{"name":"firestore"},"message":"Sep 02, 2023 9:26:51 PM com.google.cloud.datastore.emulator.firestore.websocket.WebSocketServer start\nINFO: Started WebSocket server on ws://127.0.0.1:9150\n"}}
[debug] [2023-09-02T19:26:51.819Z] API endpoint: http://127.0.0.1:8080 {"metadata":{"emulator":{"name":"firestore"},"message":"API endpoint: http://127.0.0.1:8080"}}
[debug] [2023-09-02T19:26:51.820Z] 
If you are using a library that supports the FIRESTORE_EMULATOR_HOST environment variable, run:

   export FIRESTORE_EMULATOR_HOST=127.0.0.1:8080

Dev App Server is now running.

 {"metadata":{"emulator":{"name":"firestore"},"message":"\nIf you are using a library that supports the FIRESTORE_EMULATOR_HOST environment variable, run:\n\n   export FIRESTORE_EMULATOR_HOST=127.0.0.1:8080\n\nDev App Server is now running.\n\n"}}
[info] ✔  firestore: Firestore Emulator UI websocket is running on 9150. {"metadata":{"emulator":{"name":"firestore"},"message":"Firestore Emulator UI websocket is running on 9150."}}
[debug] [2023-09-02T19:26:51.972Z] Ignoring unsupported arg: projectId {"metadata":{"emulator":{"name":"pubsub"},"message":"Ignoring unsupported arg: projectId"}}
[debug] [2023-09-02T19:26:51.972Z] Ignoring unsupported arg: auto_download {"metadata":{"emulator":{"name":"pubsub"},"message":"Ignoring unsupported arg: auto_download"}}
[debug] [2023-09-02T19:26:51.972Z] Starting Pub/Sub Emulator with command {"binary":"/home/george/.cache/firebase/emulators/pubsub-emulator-0.7.1/pubsub-emulator/bin/cloud-pubsub-emulator","args":["--host=127.0.0.1","--port=8085"],"optionalArgs":["port","host"],"joinArgs":true} {"metadata":{"emulator":{"name":"pubsub"},"message":"Starting Pub/Sub Emulator with command {\"binary\":\"/home/george/.cache/firebase/emulators/pubsub-emulator-0.7.1/pubsub-emulator/bin/cloud-pubsub-emulator\",\"args\":[\"--host=127.0.0.1\",\"--port=8085\"],\"optionalArgs\":[\"port\",\"host\"],\"joinArgs\":true}"}}
[info] i  pubsub: Pub/Sub Emulator logging to pubsub-debug.log {"metadata":{"emulator":{"name":"pubsub"},"message":"Pub/Sub Emulator logging to \u001b[1mpubsub-debug.log\u001b[22m"}}
[debug] [2023-09-02T19:26:52.039Z] This is the Google Pub/Sub fake.
Implementation may be incomplete or differ from the real system.
 {"metadata":{"emulator":{"name":"pubsub"},"message":"This is the Google Pub/Sub fake.\nImplementation may be incomplete or differ from the real system.\n"}}
[debug] [2023-09-02T19:26:52.063Z] Sep 02, 2023 9:26:52 PM com.google.cloud.pubsub.testing.v1.Main main
INFO: IAM integration is disabled. IAM policy methods and ACL checks are not supported
 {"metadata":{"emulator":{"name":"pubsub"},"message":"Sep 02, 2023 9:26:52 PM com.google.cloud.pubsub.testing.v1.Main main\nINFO: IAM integration is disabled. IAM policy methods and ACL checks are not supported\n"}}
[debug] [2023-09-02T19:26:52.148Z] SLF4J: Failed to load class "org.slf4j.impl.StaticLoggerBinder".
SLF4J: Defaulting to no-operation (NOP) logger implementation
SLF4J: See http://www.slf4j.org/codes.html#StaticLoggerBinder for further details.
 {"metadata":{"emulator":{"name":"pubsub"},"message":"SLF4J: Failed to load class \"org.slf4j.impl.StaticLoggerBinder\".\nSLF4J: Defaulting to no-operation (NOP) logger implementation\nSLF4J: See http://www.slf4j.org/codes.html#StaticLoggerBinder for further details.\n"}}
[debug] [2023-09-02T19:26:52.484Z] Sep 02, 2023 9:26:52 PM com.google.cloud.pubsub.testing.v1.Main main
INFO: Server started, listening on 8085
 {"metadata":{"emulator":{"name":"pubsub"},"message":"Sep 02, 2023 9:26:52 PM com.google.cloud.pubsub.testing.v1.Main main\nINFO: Server started, listening on 8085\n"}}
[info] i  ui: downloading ui-v1.11.7.zip... {"metadata":{"emulator":{"name":"ui"},"message":"downloading ui-v1.11.7.zip..."}}
[debug] [2023-09-02T19:26:52.489Z] >>> [apiv2][query] GET https://storage.googleapis.com/firebase-preview-drop/emulator/ui-v1.11.7.zip 
[debug] [2023-09-02T19:26:52.750Z] <<< [apiv2][status] GET https://storage.googleapis.com/firebase-preview-drop/emulator/ui-v1.11.7.zip 200
[debug] [2023-09-02T19:26:52.750Z] <<< [apiv2][body] GET https://storage.googleapis.com/firebase-preview-drop/emulator/ui-v1.11.7.zip [stream]
[debug] [2023-09-02T19:26:53.465Z] Data is 3064105
[debug] [2023-09-02T19:26:53.465Z] [unzip] Entry: client/ (compressed_size=0 bytes, uncompressed_size=0 bytes)
[debug] [2023-09-02T19:26:53.465Z] [unzip] Processing entry: client/
[debug] [2023-09-02T19:26:53.465Z] [unzip] mkdir: /home/george/.cache/firebase/emulators/ui-v1.11.7/client/
[debug] [2023-09-02T19:26:53.466Z] [unzip] Entry: client/favicon.ico (compressed_size=2497 bytes, uncompressed_size=7406 bytes)
[debug] [2023-09-02T19:26:53.466Z] [unzip] Processing entry: client/favicon.ico
[debug] [2023-09-02T19:26:53.466Z] [unzip] else mkdir: /home/george/.cache/firebase/emulators/ui-v1.11.7/client
[debug] [2023-09-02T19:26:53.466Z] [unzip] deflating: /home/george/.cache/firebase/emulators/ui-v1.11.7/client/favicon.ico
[debug] [2023-09-02T19:26:53.468Z] [unzip] Entry: client/apple-touch-icon.png (compressed_size=7231 bytes, uncompressed_size=7367 bytes)
[debug] [2023-09-02T19:26:53.468Z] [unzip] Processing entry: client/apple-touch-icon.png
[debug] [2023-09-02T19:26:53.468Z] [unzip] else mkdir: /home/george/.cache/firebase/emulators/ui-v1.11.7/client
[debug] [2023-09-02T19:26:53.468Z] [unzip] deflating: /home/george/.cache/firebase/emulators/ui-v1.11.7/client/apple-touch-icon.png
[debug] [2023-09-02T19:26:53.469Z] [unzip] Entry: client/android-chrome-512x512.png (compressed_size=16987 bytes, uncompressed_size=18186 bytes)
[debug] [2023-09-02T19:26:53.469Z] [unzip] Processing entry: client/android-chrome-512x512.png
[debug] [2023-09-02T19:26:53.469Z] [unzip] else mkdir: /home/george/.cache/firebase/emulators/ui-v1.11.7/client
[debug] [2023-09-02T19:26:53.469Z] [unzip] deflating: /home/george/.cache/firebase/emulators/ui-v1.11.7/client/android-chrome-512x512.png
[debug] [2023-09-02T19:26:53.470Z] [unzip] Entry: client/assets/ (compressed_size=0 bytes, uncompressed_size=0 bytes)
[debug] [2023-09-02T19:26:53.470Z] [unzip] Processing entry: client/assets/
[debug] [2023-09-02T19:26:53.470Z] [unzip] mkdir: /home/george/.cache/firebase/emulators/ui-v1.11.7/client/assets/
[debug] [2023-09-02T19:26:53.470Z] [unzip] Entry: client/assets/extensions/ (compressed_size=0 bytes, uncompressed_size=0 bytes)
[debug] [2023-09-02T19:26:53.470Z] [unzip] Processing entry: client/assets/extensions/
[debug] [2023-09-02T19:26:53.470Z] [unzip] mkdir: /home/george/.cache/firebase/emulators/ui-v1.11.7/client/assets/extensions/
[debug] [2023-09-02T19:26:53.470Z] [unzip] Entry: client/assets/extensions/default-extension.png (compressed_size=1646 bytes, uncompressed_size=1657 bytes)
[debug] [2023-09-02T19:26:53.470Z] [unzip] Processing entry: client/assets/extensions/default-extension.png
[debug] [2023-09-02T19:26:53.470Z] [unzip] else mkdir: /home/george/.cache/firebase/emulators/ui-v1.11.7/client/assets/extensions
[debug] [2023-09-02T19:26:53.470Z] [unzip] deflating: /home/george/.cache/firebase/emulators/ui-v1.11.7/client/assets/extensions/default-extension.png
[debug] [2023-09-02T19:26:53.471Z] [unzip] Entry: client/assets/index.58ca09f7.css (compressed_size=37601 bytes, uncompressed_size=321252 bytes)
[debug] [2023-09-02T19:26:53.471Z] [unzip] Processing entry: client/assets/index.58ca09f7.css
[debug] [2023-09-02T19:26:53.471Z] [unzip] else mkdir: /home/george/.cache/firebase/emulators/ui-v1.11.7/client/assets
[debug] [2023-09-02T19:26:53.471Z] [unzip] deflating: /home/george/.cache/firebase/emulators/ui-v1.11.7/client/assets/index.58ca09f7.css
[debug] [2023-09-02T19:26:53.472Z] [unzip] Entry: client/assets/index.c2583d42.js (compressed_size=526232 bytes, uncompressed_size=1860152 bytes)
[debug] [2023-09-02T19:26:53.472Z] [unzip] Processing entry: client/assets/index.c2583d42.js
[debug] [2023-09-02T19:26:53.472Z] [unzip] else mkdir: /home/george/.cache/firebase/emulators/ui-v1.11.7/client/assets
[debug] [2023-09-02T19:26:53.472Z] [unzip] deflating: /home/george/.cache/firebase/emulators/ui-v1.11.7/client/assets/index.c2583d42.js
[debug] [2023-09-02T19:26:53.481Z] [unzip] Entry: client/assets/provider-icons/ (compressed_size=0 bytes, uncompressed_size=0 bytes)
[debug] [2023-09-02T19:26:53.482Z] [unzip] Processing entry: client/assets/provider-icons/
[debug] [2023-09-02T19:26:53.482Z] [unzip] mkdir: /home/george/.cache/firebase/emulators/ui-v1.11.7/client/assets/provider-icons/
[debug] [2023-09-02T19:26:53.482Z] [unzip] Entry: client/assets/provider-icons/auth_service_oidc.svg (compressed_size=414 bytes, uncompressed_size=858 bytes)
[debug] [2023-09-02T19:26:53.482Z] [unzip] Processing entry: client/assets/provider-icons/auth_service_oidc.svg
[debug] [2023-09-02T19:26:53.482Z] [unzip] else mkdir: /home/george/.cache/firebase/emulators/ui-v1.11.7/client/assets/provider-icons
[debug] [2023-09-02T19:26:53.482Z] [unzip] deflating: /home/george/.cache/firebase/emulators/ui-v1.11.7/client/assets/provider-icons/auth_service_oidc.svg
[debug] [2023-09-02T19:26:53.483Z] [unzip] Entry: client/assets/provider-icons/auth_service_yahoo.svg (compressed_size=577 bytes, uncompressed_size=1182 bytes)
[debug] [2023-09-02T19:26:53.483Z] [unzip] Processing entry: client/assets/provider-icons/auth_service_yahoo.svg
[debug] [2023-09-02T19:26:53.483Z] [unzip] else mkdir: /home/george/.cache/firebase/emulators/ui-v1.11.7/client/assets/provider-icons
[debug] [2023-09-02T19:26:53.483Z] [unzip] deflating: /home/george/.cache/firebase/emulators/ui-v1.11.7/client/assets/provider-icons/auth_service_yahoo.svg
[debug] [2023-09-02T19:26:53.484Z] [unzip] Entry: client/assets/provider-icons/auth_service_phone.svg (compressed_size=261 bytes, uncompressed_size=414 bytes)
[debug] [2023-09-02T19:26:53.484Z] [unzip] Processing entry: client/assets/provider-icons/auth_service_phone.svg
[debug] [2023-09-02T19:26:53.484Z] [unzip] else mkdir: /home/george/.cache/firebase/emulators/ui-v1.11.7/client/assets/provider-icons
[debug] [2023-09-02T19:26:53.484Z] [unzip] deflating: /home/george/.cache/firebase/emulators/ui-v1.11.7/client/assets/provider-icons/auth_service_phone.svg
[debug] [2023-09-02T19:26:53.485Z] [unzip] Entry: client/assets/provider-icons/auth_service_saml.svg (compressed_size=575 bytes, uncompressed_size=1226 bytes)
[debug] [2023-09-02T19:26:53.485Z] [unzip] Processing entry: client/assets/provider-icons/auth_service_saml.svg
[debug] [2023-09-02T19:26:53.485Z] [unzip] else mkdir: /home/george/.cache/firebase/emulators/ui-v1.11.7/client/assets/provider-icons
[debug] [2023-09-02T19:26:53.485Z] [unzip] deflating: /home/george/.cache/firebase/emulators/ui-v1.11.7/client/assets/provider-icons/auth_service_saml.svg
[debug] [2023-09-02T19:26:53.485Z] [unzip] Entry: client/assets/provider-icons/auth_service_mslive.svg (compressed_size=203 bytes, uncompressed_size=378 bytes)
[debug] [2023-09-02T19:26:53.486Z] [unzip] Processing entry: client/assets/provider-icons/auth_service_mslive.svg
[debug] [2023-09-02T19:26:53.486Z] [unzip] else mkdir: /home/george/.cache/firebase/emulators/ui-v1.11.7/client/assets/provider-icons
[debug] [2023-09-02T19:26:53.486Z] [unzip] deflating: /home/george/.cache/firebase/emulators/ui-v1.11.7/client/assets/provider-icons/auth_service_mslive.svg
[debug] [2023-09-02T19:26:53.486Z] [unzip] Entry: client/assets/provider-icons/auth_service_facebook.svg (compressed_size=289 bytes, uncompressed_size=457 bytes)
[debug] [2023-09-02T19:26:53.486Z] [unzip] Processing entry: client/assets/provider-icons/auth_service_facebook.svg
[debug] [2023-09-02T19:26:53.486Z] [unzip] else mkdir: /home/george/.cache/firebase/emulators/ui-v1.11.7/client/assets/provider-icons
[debug] [2023-09-02T19:26:53.486Z] [unzip] deflating: /home/george/.cache/firebase/emulators/ui-v1.11.7/client/assets/provider-icons/auth_service_facebook.svg
[debug] [2023-09-02T19:26:53.486Z] [unzip] Entry: client/assets/provider-icons/auth_service_play_games.svg (compressed_size=565 bytes, uncompressed_size=1173 bytes)
[debug] [2023-09-02T19:26:53.487Z] [unzip] Processing entry: client/assets/provider-icons/auth_service_play_games.svg
[debug] [2023-09-02T19:26:53.487Z] [unzip] else mkdir: /home/george/.cache/firebase/emulators/ui-v1.11.7/client/assets/provider-icons
[debug] [2023-09-02T19:26:53.487Z] [unzip] deflating: /home/george/.cache/firebase/emulators/ui-v1.11.7/client/assets/provider-icons/auth_service_play_games.svg
[debug] [2023-09-02T19:26:53.487Z] [unzip] Entry: client/assets/provider-icons/auth_service_github.svg (compressed_size=466 bytes, uncompressed_size=838 bytes)
[debug] [2023-09-02T19:26:53.487Z] [unzip] Processing entry: client/assets/provider-icons/auth_service_github.svg
[debug] [2023-09-02T19:26:53.487Z] [unzip] else mkdir: /home/george/.cache/firebase/emulators/ui-v1.11.7/client/assets/provider-icons
[debug] [2023-09-02T19:26:53.487Z] [unzip] deflating: /home/george/.cache/firebase/emulators/ui-v1.11.7/client/assets/provider-icons/auth_service_github.svg
[debug] [2023-09-02T19:26:53.487Z] [unzip] Entry: client/assets/provider-icons/auth_service_apple.svg (compressed_size=230 bytes, uncompressed_size=334 bytes)
[debug] [2023-09-02T19:26:53.487Z] [unzip] Processing entry: client/assets/provider-icons/auth_service_apple.svg
[debug] [2023-09-02T19:26:53.487Z] [unzip] else mkdir: /home/george/.cache/firebase/emulators/ui-v1.11.7/client/assets/provider-icons
[debug] [2023-09-02T19:26:53.487Z] [unzip] deflating: /home/george/.cache/firebase/emulators/ui-v1.11.7/client/assets/provider-icons/auth_service_apple.svg
[debug] [2023-09-02T19:26:53.488Z] [unzip] Entry: client/assets/provider-icons/auth_service_google.svg (compressed_size=409 bytes, uncompressed_size=720 bytes)
[debug] [2023-09-02T19:26:53.488Z] [unzip] Processing entry: client/assets/provider-icons/auth_service_google.svg
[debug] [2023-09-02T19:26:53.488Z] [unzip] else mkdir: /home/george/.cache/firebase/emulators/ui-v1.11.7/client/assets/provider-icons
[debug] [2023-09-02T19:26:53.488Z] [unzip] deflating: /home/george/.cache/firebase/emulators/ui-v1.11.7/client/assets/provider-icons/auth_service_google.svg
[debug] [2023-09-02T19:26:53.488Z] [unzip] Entry: client/assets/provider-icons/auth_service_email.svg (compressed_size=228 bytes, uncompressed_size=326 bytes)
[debug] [2023-09-02T19:26:53.488Z] [unzip] Processing entry: client/assets/provider-icons/auth_service_email.svg
[debug] [2023-09-02T19:26:53.488Z] [unzip] else mkdir: /home/george/.cache/firebase/emulators/ui-v1.11.7/client/assets/provider-icons
[debug] [2023-09-02T19:26:53.488Z] [unzip] deflating: /home/george/.cache/firebase/emulators/ui-v1.11.7/client/assets/provider-icons/auth_service_email.svg
[debug] [2023-09-02T19:26:53.488Z] [unzip] Entry: client/assets/provider-icons/auth_service_twitter.svg (compressed_size=444 bytes, uncompressed_size=751 bytes)
[debug] [2023-09-02T19:26:53.488Z] [unzip] Processing entry: client/assets/provider-icons/auth_service_twitter.svg
[debug] [2023-09-02T19:26:53.488Z] [unzip] else mkdir: /home/george/.cache/firebase/emulators/ui-v1.11.7/client/assets/provider-icons
[debug] [2023-09-02T19:26:53.489Z] [unzip] deflating: /home/george/.cache/firebase/emulators/ui-v1.11.7/client/assets/provider-icons/auth_service_twitter.svg
[debug] [2023-09-02T19:26:53.489Z] [unzip] Entry: client/assets/provider-icons/auth_service_game_center.svg (compressed_size=991 bytes, uncompressed_size=3921 bytes)
[debug] [2023-09-02T19:26:53.489Z] [unzip] Processing entry: client/assets/provider-icons/auth_service_game_center.svg
[debug] [2023-09-02T19:26:53.489Z] [unzip] else mkdir: /home/george/.cache/firebase/emulators/ui-v1.11.7/client/assets/provider-icons
[debug] [2023-09-02T19:26:53.489Z] [unzip] deflating: /home/george/.cache/firebase/emulators/ui-v1.11.7/client/assets/provider-icons/auth_service_game_center.svg
[debug] [2023-09-02T19:26:53.489Z] [unzip] Entry: client/assets/index.c2583d42.js.map (compressed_size=1778557 bytes, uncompressed_size=7961927 bytes)
[debug] [2023-09-02T19:26:53.489Z] [unzip] Processing entry: client/assets/index.c2583d42.js.map
[debug] [2023-09-02T19:26:53.489Z] [unzip] else mkdir: /home/george/.cache/firebase/emulators/ui-v1.11.7/client/assets
[debug] [2023-09-02T19:26:53.489Z] [unzip] deflating: /home/george/.cache/firebase/emulators/ui-v1.11.7/client/assets/index.c2583d42.js.map
[debug] [2023-09-02T19:26:53.514Z] [unzip] Entry: client/assets/img/ (compressed_size=0 bytes, uncompressed_size=0 bytes)
[debug] [2023-09-02T19:26:53.514Z] [unzip] Processing entry: client/assets/img/
[debug] [2023-09-02T19:26:53.514Z] [unzip] mkdir: /home/george/.cache/firebase/emulators/ui-v1.11.7/client/assets/img/
[debug] [2023-09-02T19:26:53.514Z] [unzip] Entry: client/assets/img/database.png (compressed_size=29449 bytes, uncompressed_size=29988 bytes)
[debug] [2023-09-02T19:26:53.514Z] [unzip] Processing entry: client/assets/img/database.png
[debug] [2023-09-02T19:26:53.514Z] [unzip] else mkdir: /home/george/.cache/firebase/emulators/ui-v1.11.7/client/assets/img
[debug] [2023-09-02T19:26:53.514Z] [unzip] deflating: /home/george/.cache/firebase/emulators/ui-v1.11.7/client/assets/img/database.png
[debug] [2023-09-02T19:26:53.515Z] [unzip] Entry: client/safari-pinned-tab.svg (compressed_size=838 bytes, uncompressed_size=1504 bytes)
[debug] [2023-09-02T19:26:53.515Z] [unzip] Processing entry: client/safari-pinned-tab.svg
[debug] [2023-09-02T19:26:53.515Z] [unzip] else mkdir: /home/george/.cache/firebase/emulators/ui-v1.11.7/client
[debug] [2023-09-02T19:26:53.515Z] [unzip] deflating: /home/george/.cache/firebase/emulators/ui-v1.11.7/client/safari-pinned-tab.svg
[debug] [2023-09-02T19:26:53.516Z] [unzip] Entry: client/mstile-150x150.png (compressed_size=5406 bytes, uncompressed_size=5723 bytes)
[debug] [2023-09-02T19:26:53.516Z] [unzip] Processing entry: client/mstile-150x150.png
[debug] [2023-09-02T19:26:53.516Z] [unzip] else mkdir: /home/george/.cache/firebase/emulators/ui-v1.11.7/client
[debug] [2023-09-02T19:26:53.516Z] [unzip] deflating: /home/george/.cache/firebase/emulators/ui-v1.11.7/client/mstile-150x150.png
[debug] [2023-09-02T19:26:53.516Z] [unzip] Entry: client/browserconfig.xml (compressed_size=491 bytes, uncompressed_size=822 bytes)
[debug] [2023-09-02T19:26:53.516Z] [unzip] Processing entry: client/browserconfig.xml
[debug] [2023-09-02T19:26:53.516Z] [unzip] else mkdir: /home/george/.cache/firebase/emulators/ui-v1.11.7/client
[debug] [2023-09-02T19:26:53.516Z] [unzip] deflating: /home/george/.cache/firebase/emulators/ui-v1.11.7/client/browserconfig.xml
[debug] [2023-09-02T19:26:53.516Z] [unzip] Entry: client/robots.txt (compressed_size=26 bytes, uncompressed_size=26 bytes)
[debug] [2023-09-02T19:26:53.516Z] [unzip] Processing entry: client/robots.txt
[debug] [2023-09-02T19:26:53.516Z] [unzip] else mkdir: /home/george/.cache/firebase/emulators/ui-v1.11.7/client
[debug] [2023-09-02T19:26:53.516Z] [unzip] Writing file: /home/george/.cache/firebase/emulators/ui-v1.11.7/client/robots.txt
[debug] [2023-09-02T19:26:53.517Z] [unzip] Entry: client/index.html (compressed_size=1363 bytes, uncompressed_size=3064 bytes)
[debug] [2023-09-02T19:26:53.517Z] [unzip] Processing entry: client/index.html
[debug] [2023-09-02T19:26:53.517Z] [unzip] else mkdir: /home/george/.cache/firebase/emulators/ui-v1.11.7/client
[debug] [2023-09-02T19:26:53.517Z] [unzip] deflating: /home/george/.cache/firebase/emulators/ui-v1.11.7/client/index.html
[debug] [2023-09-02T19:26:53.517Z] [unzip] Entry: client/favicon-16x16.png (compressed_size=757 bytes, uncompressed_size=777 bytes)
[debug] [2023-09-02T19:26:53.517Z] [unzip] Processing entry: client/favicon-16x16.png
[debug] [2023-09-02T19:26:53.517Z] [unzip] else mkdir: /home/george/.cache/firebase/emulators/ui-v1.11.7/client
[debug] [2023-09-02T19:26:53.517Z] [unzip] deflating: /home/george/.cache/firebase/emulators/ui-v1.11.7/client/favicon-16x16.png
[debug] [2023-09-02T19:26:53.517Z] [unzip] Entry: client/manifest.json (compressed_size=246 bytes, uncompressed_size=551 bytes)
[debug] [2023-09-02T19:26:53.517Z] [unzip] Processing entry: client/manifest.json
[debug] [2023-09-02T19:26:53.517Z] [unzip] else mkdir: /home/george/.cache/firebase/emulators/ui-v1.11.7/client
[debug] [2023-09-02T19:26:53.517Z] [unzip] deflating: /home/george/.cache/firebase/emulators/ui-v1.11.7/client/manifest.json
[debug] [2023-09-02T19:26:53.518Z] [unzip] Entry: client/favicon-32x32.png (compressed_size=1175 bytes, uncompressed_size=1175 bytes)
[debug] [2023-09-02T19:26:53.518Z] [unzip] Processing entry: client/favicon-32x32.png
[debug] [2023-09-02T19:26:53.518Z] [unzip] else mkdir: /home/george/.cache/firebase/emulators/ui-v1.11.7/client
[debug] [2023-09-02T19:26:53.518Z] [unzip] Writing file: /home/george/.cache/firebase/emulators/ui-v1.11.7/client/favicon-32x32.png
[debug] [2023-09-02T19:26:53.518Z] [unzip] Entry: client/android-chrome-192x192.png (compressed_size=7602 bytes, uncompressed_size=7834 bytes)
[debug] [2023-09-02T19:26:53.518Z] [unzip] Processing entry: client/android-chrome-192x192.png
[debug] [2023-09-02T19:26:53.518Z] [unzip] else mkdir: /home/george/.cache/firebase/emulators/ui-v1.11.7/client
[debug] [2023-09-02T19:26:53.518Z] [unzip] deflating: /home/george/.cache/firebase/emulators/ui-v1.11.7/client/android-chrome-192x192.png
[debug] [2023-09-02T19:26:53.518Z] [unzip] Entry: server/ (compressed_size=0 bytes, uncompressed_size=0 bytes)
[debug] [2023-09-02T19:26:53.518Z] [unzip] Processing entry: server/
[debug] [2023-09-02T19:26:53.518Z] [unzip] mkdir: /home/george/.cache/firebase/emulators/ui-v1.11.7/server/
[debug] [2023-09-02T19:26:53.518Z] [unzip] Entry: server/server.js (compressed_size=343746 bytes, uncompressed_size=1346374 bytes)
[debug] [2023-09-02T19:26:53.518Z] [unzip] Processing entry: server/server.js
[debug] [2023-09-02T19:26:53.518Z] [unzip] else mkdir: /home/george/.cache/firebase/emulators/ui-v1.11.7/server
[debug] [2023-09-02T19:26:53.518Z] [unzip] deflating: /home/george/.cache/firebase/emulators/ui-v1.11.7/server/server.js
[debug] [2023-09-02T19:26:53.523Z] [unzip] Entry: server/server.js.map (compressed_size=289157 bytes, uncompressed_size=1325651 bytes)
[debug] [2023-09-02T19:26:53.523Z] [unzip] Processing entry: server/server.js.map
[debug] [2023-09-02T19:26:53.523Z] [unzip] else mkdir: /home/george/.cache/firebase/emulators/ui-v1.11.7/server
[debug] [2023-09-02T19:26:53.523Z] [unzip] deflating: /home/george/.cache/firebase/emulators/ui-v1.11.7/server/server.js.map
[info] i  ui: Removing outdated emulator files: ui-v1.11.6 {"metadata":{"emulator":{"name":"ui"},"message":"Removing outdated emulator files: ui-v1.11.6"}}
[info] i  ui: Removing outdated emulator files: ui-v1.11.6.zip {"metadata":{"emulator":{"name":"ui"},"message":"Removing outdated emulator files: ui-v1.11.6.zip"}}
[debug] [2023-09-02T19:26:53.532Z] Ignoring unsupported arg: auto_download {"metadata":{"emulator":{"name":"ui"},"message":"Ignoring unsupported arg: auto_download"}}
[debug] [2023-09-02T19:26:53.532Z] Ignoring unsupported arg: port {"metadata":{"emulator":{"name":"ui"},"message":"Ignoring unsupported arg: port"}}
[debug] [2023-09-02T19:26:53.532Z] Starting Emulator UI with command {"binary":"node","args":["/home/george/.cache/firebase/emulators/ui-v1.11.7/server/server.js"],"optionalArgs":[],"joinArgs":false} {"metadata":{"emulator":{"name":"ui"},"message":"Starting Emulator UI with command {\"binary\":\"node\",\"args\":[\"/home/george/.cache/firebase/emulators/ui-v1.11.7/server/server.js\"],\"optionalArgs\":[],\"joinArgs\":false}"}}
[info] i  ui: Emulator UI logging to ui-debug.log {"metadata":{"emulator":{"name":"ui"},"message":"Emulator UI logging to \u001b[1mui-debug.log\u001b[22m"}}
[debug] [2023-09-02T19:26:53.612Z] Web / API server started at 127.0.0.1:4000
 {"metadata":{"emulator":{"name":"ui"},"message":"Web / API server started at 127.0.0.1:4000\n"}}
[debug] [2023-09-02T19:26:53.613Z] Web / API server started at ::1:4000
 {"metadata":{"emulator":{"name":"ui"},"message":"Web / API server started at ::1:4000\n"}}
[info] 
┌─────────────────────────────────────────────────────────────┐
│ ✔  All emulators ready! It is now safe to connect your app. │
│ i  View Emulator UI at http://127.0.0.1:4000/               │
└─────────────────────────────────────────────────────────────┘

┌───────────┬──────────────────────────────────┬─────────────────────────────────┐
│ Emulator  │ Host:Port                        │ View in Emulator UI             │
├───────────┼──────────────────────────────────┼─────────────────────────────────┤
│ Functions │ Failed to initialize (see above) │                                 │
├───────────┼──────────────────────────────────┼─────────────────────────────────┤
│ Firestore │ 127.0.0.1:8080                   │ http://127.0.0.1:4000/firestore │
├───────────┼──────────────────────────────────┼─────────────────────────────────┤
│ Pub/Sub   │ 127.0.0.1:8085                   │ n/a                             │
└───────────┴──────────────────────────────────┴─────────────────────────────────┘
  Emulator Hub running at 127.0.0.1:4400
  Other reserved ports: 4500, 9150

Issues? Report them at https://github.com/firebase/firebase-tools/issues and attach the *-debug.log files.
 
[debug] [2023-09-02T19:27:54.354Z] Sep 02, 2023 9:27:54 PM io.gapi.emulators.netty.HttpVersionRoutingHandler channelRead
INFO: Detected non-HTTP/2 connection.
 {"metadata":{"emulator":{"name":"firestore"},"message":"Sep 02, 2023 9:27:54 PM io.gapi.emulators.netty.HttpVersionRoutingHandler channelRead\nINFO: Detected non-HTTP/2 connection.\n"}}
[debug] [2023-09-02T19:27:54.420Z] Sep 02, 2023 9:27:54 PM io.gapi.emulators.netty.HttpVersionRoutingHandler channelRead
INFO: Detected HTTP/2 connection.
 {"metadata":{"emulator":{"name":"firestore"},"message":"Sep 02, 2023 9:27:54 PM io.gapi.emulators.netty.HttpVersionRoutingHandler channelRead\nINFO: Detected HTTP/2 connection.\n"}}
[debug] [2023-09-02T19:27:54.460Z] Multiple projectIds are not recommended in single project mode. Requested project ID dummy-project, but the emulator is configured for default-project. To opt-out of single project mode add/set the '"singleProjectMode": false' property in the firebase.json emulators config.
 {"metadata":{"emulator":{"name":"firestore"},"message":"Multiple projectIds are not recommended in single project mode. Requested project ID dummy-project, but the emulator is configured for default-project. To opt-out of single project mode add/set the '\"singleProjectMode\": false' property in the firebase.json emulators config.\n"}}
